<?xml version="1.0" encoding="UTF-8" ?>
<testsuite tests="18" failures="0" name="AdvancedCalculatorTest" time="0.04" errors="0" skipped="0">
  <properties>
    <property name="java.runtime.name" value="OpenJDK Runtime Environment"/>
    <property name="sun.boot.library.path" value="/usr/lib/jvm/java-8-openjdk-amd64/jre/lib/amd64"/>
    <property name="java.vm.version" value="25.292-b10"/>
    <property name="java.vm.vendor" value="Private Build"/>
    <property name="maven.multiModuleProjectDirectory" value="/home/saritha/eclipse-workspace/02-pass-sarithaRani"/>
    <property name="java.vendor.url" value="http://java.oracle.com/"/>
    <property name="path.separator" value=":"/>
    <property name="guice.disable.misplaced.annotation.check" value="true"/>
    <property name="java.vm.name" value="OpenJDK 64-Bit Server VM"/>
    <property name="file.encoding.pkg" value="sun.io"/>
    <property name="user.country" value="US"/>
    <property name="sun.java.launcher" value="SUN_STANDARD"/>
    <property name="sun.os.patch.level" value="unknown"/>
    <property name="java.vm.specification.name" value="Java Virtual Machine Specification"/>
    <property name="user.dir" value="/home/saritha/eclipse-workspace/02-pass-sarithaRani"/>
    <property name="java.runtime.version" value="1.8.0_292-8u292-b10-0ubuntu1~20.04-b10"/>
    <property name="java.awt.graphicsenv" value="sun.awt.X11GraphicsEnvironment"/>
    <property name="java.endorsed.dirs" value="/usr/lib/jvm/java-8-openjdk-amd64/jre/lib/endorsed"/>
    <property name="os.arch" value="amd64"/>
    <property name="java.io.tmpdir" value="/tmp"/>
    <property name="line.separator" value="
"/>
    <property name="java.vm.specification.vendor" value="Oracle Corporation"/>
    <property name="os.name" value="Linux"/>
    <property name="classworlds.conf" value="/home/saritha/eclipse-workspace/.metadata/.plugins/org.eclipse.m2e.launching/launches/m2conf6724308276488262107.tmp"/>
    <property name="sun.jnu.encoding" value="UTF-8"/>
    <property name="java.library.path" value="/usr/java/packages/lib/amd64:/usr/lib/x86_64-linux-gnu/jni:/lib/x86_64-linux-gnu:/usr/lib/x86_64-linux-gnu:/usr/lib/jni:/lib:/usr/lib"/>
    <property name="java.specification.name" value="Java Platform API Specification"/>
    <property name="java.class.version" value="52.0"/>
    <property name="sun.management.compiler" value="HotSpot 64-Bit Tiered Compilers"/>
    <property name="os.version" value="5.11.0-37-generic"/>
    <property name="user.home" value="/home/saritha"/>
    <property name="user.timezone" value="America/Los_Angeles"/>
    <property name="java.awt.printerjob" value="sun.print.PSPrinterJob"/>
    <property name="file.encoding" value="UTF-8"/>
    <property name="java.specification.version" value="1.8"/>
    <property name="user.name" value="saritha"/>
    <property name="java.class.path" value="/snap/eclipse/48/plugins/org.eclipse.m2e.maven.runtime_1.14.0.20191209-1923/jars/plexus-classworlds-2.6.0.jar"/>
    <property name="java.vm.specification.version" value="1.8"/>
    <property name="sun.arch.data.model" value="64"/>
    <property name="java.home" value="/usr/lib/jvm/java-8-openjdk-amd64/jre"/>
    <property name="sun.java.command" value="org.codehaus.plexus.classworlds.launcher.Launcher -B test"/>
    <property name="java.specification.vendor" value="Oracle Corporation"/>
    <property name="user.language" value="en"/>
    <property name="awt.toolkit" value="sun.awt.X11.XToolkit"/>
    <property name="java.vm.info" value="mixed mode"/>
    <property name="java.version" value="1.8.0_292"/>
    <property name="java.ext.dirs" value="/usr/lib/jvm/java-8-openjdk-amd64/jre/lib/ext:/usr/java/packages/lib/ext"/>
    <property name="securerandom.source" value="file:/dev/./urandom"/>
    <property name="sun.boot.class.path" value="/usr/lib/jvm/java-8-openjdk-amd64/jre/lib/resources.jar:/usr/lib/jvm/java-8-openjdk-amd64/jre/lib/rt.jar:/usr/lib/jvm/java-8-openjdk-amd64/jre/lib/sunrsasign.jar:/usr/lib/jvm/java-8-openjdk-amd64/jre/lib/jsse.jar:/usr/lib/jvm/java-8-openjdk-amd64/jre/lib/jce.jar:/usr/lib/jvm/java-8-openjdk-amd64/jre/lib/charsets.jar:/usr/lib/jvm/java-8-openjdk-amd64/jre/lib/jfr.jar:/usr/lib/jvm/java-8-openjdk-amd64/jre/classes"/>
    <property name="java.vendor" value="Private Build"/>
    <property name="maven.home" value="/home/saritha/eclipse-workspace/02-pass-sarithaRani/EMBEDDED"/>
    <property name="file.separator" value="/"/>
    <property name="java.vendor.url.bug" value="http://bugreport.sun.com/bugreport/"/>
    <property name="sun.cpu.endian" value="little"/>
    <property name="sun.io.unicode.encoding" value="UnicodeLittle"/>
    <property name="sun.desktop" value="gnome"/>
    <property name="sun.cpu.isalist" value=""/>
  </properties>
  <testcase classname="AdvancedCalculatorTest" name="testAbsolute" time="0.021"/>
  <testcase classname="AdvancedCalculatorTest" name="testMultiplicationWithRandomValues" time="0.004"/>
  <testcase classname="AdvancedCalculatorTest" name="testPower" time="0"/>
  <testcase classname="AdvancedCalculatorTest" name="testPowerWithRandomValues" time="0.001"/>
  <testcase classname="AdvancedCalculatorTest" name="testSquareWithRandomValues" time="0"/>
  <testcase classname="AdvancedCalculatorTest" name="testRemainderWithRandomValues" time="0"/>
  <testcase classname="AdvancedCalculatorTest" name="testMultiplication" time="0"/>
  <testcase classname="AdvancedCalculatorTest" name="testAddition" time="0"/>
  <testcase classname="AdvancedCalculatorTest" name="testDivisionWithRandomValues" time="0"/>
  <testcase classname="AdvancedCalculatorTest" name="testAdditionWithRandomValues" time="0.011"/>
  <testcase classname="AdvancedCalculatorTest" name="testAbsoluteWithRandomValues" time="0.001"/>
  <testcase classname="AdvancedCalculatorTest" name="testSubstraction" time="0"/>
  <testcase classname="AdvancedCalculatorTest" name="testDivision" time="0"/>
  <testcase classname="AdvancedCalculatorTest" name="testCubert" time="0.001"/>
  <testcase classname="AdvancedCalculatorTest" name="testSubstractionWithRandomValues" time="0.001"/>
  <testcase classname="AdvancedCalculatorTest" name="testRemainder" time="0"/>
  <testcase classname="AdvancedCalculatorTest" name="testCubertWithRandomValues" time="0"/>
  <testcase classname="AdvancedCalculatorTest" name="testSquare" time="0"/>
</testsuite>